android/app/build/intermediates/manifest_merge_blame_file/debug/processDebugMainManifest/manifest-merger-blame-debug-report.txt
1<?xml version="1.0" encoding="utf-8"?>
2<manifest xmlns:android="http://schemas.android.com/apk/res/android"
3    package="com.naitik.pawlogs"
4    android:versionCode="1"
5    android:versionName="1.0.0" >
6
7    <uses-sdk
8        android:minSdkVersion="24"
9        android:targetSdkVersion="35" />
10
11    <uses-permission android:name="android.permission.SYSTEM_ALERT_WINDOW" />
11-->src\main\AndroidManifest.xml:6:3-75
11-->src\main\AndroidManifest.xml:6:20-73
12    <uses-permission android:name="android.permission.INTERNET" />
12-->src\main\AndroidManifest.xml:2:3-64
12-->src\main\AndroidManifest.xml:2:20-62
13    <uses-permission android:name="android.permission.NOTIFICATIONS" />
13-->src\main\AndroidManifest.xml:3:3-69
13-->src\main\AndroidManifest.xml:3:20-67
14    <uses-permission
14-->src\main\AndroidManifest.xml:4:3-77
15        android:name="android.permission.READ_EXTERNAL_STORAGE"
15-->src\main\AndroidManifest.xml:4:20-75
16        android:maxSdkVersion="32" />
16-->[BareExpo:expo.modules.image:2.2.0] AndroidManifest.xml:17:9-35
17    <uses-permission android:name="android.permission.RECORD_AUDIO" />
17-->src\main\AndroidManifest.xml:5:3-68
17-->src\main\AndroidManifest.xml:5:20-66
18    <uses-permission android:name="android.permission.VIBRATE" />
18-->src\main\AndroidManifest.xml:7:3-63
18-->src\main\AndroidManifest.xml:7:20-61
19    <uses-permission android:name="android.permission.WRITE_EXTERNAL_STORAGE" />
19-->src\main\AndroidManifest.xml:8:3-78
19-->src\main\AndroidManifest.xml:8:20-76
20
21    <queries>
21-->src\main\AndroidManifest.xml:9:3-15:13
22        <intent>
22-->src\main\AndroidManifest.xml:10:5-14:14
23            <action android:name="android.intent.action.VIEW" />
23-->src\main\AndroidManifest.xml:11:7-58
23-->src\main\AndroidManifest.xml:11:15-56
24
25            <category android:name="android.intent.category.BROWSABLE" />
25-->src\main\AndroidManifest.xml:12:7-67
25-->src\main\AndroidManifest.xml:12:17-65
26
27            <data android:scheme="https" />
27-->src\main\AndroidManifest.xml:13:7-37
27-->src\main\AndroidManifest.xml:13:13-35
28        </intent>
29
30        <package android:name="host.exp.exponent" />
30-->[:expo-dev-launcher] AndroidManifest.xml:8:9-53
30-->[:expo-dev-launcher] AndroidManifest.xml:8:18-50
31
32        <intent>
32-->[host.exp.exponent:expo.modules.webbrowser:14.1.6] AndroidManifest.xml:8:9-12:18
33
34            <!-- Required for opening tabs if targeting API 30 -->
35            <action android:name="android.support.customtabs.action.CustomTabsService" />
35-->[host.exp.exponent:expo.modules.webbrowser:14.1.6] AndroidManifest.xml:11:13-90
35-->[host.exp.exponent:expo.modules.webbrowser:14.1.6] AndroidManifest.xml:11:21-87
36        </intent>
37        <intent>
37-->[host.exp.exponent:expo.modules.imagepicker:16.1.4] AndroidManifest.xml:15:9-19:18
38
39            <!-- Required for picking images from the camera roll if targeting API 30 -->
40            <action android:name="android.media.action.IMAGE_CAPTURE" />
40-->[host.exp.exponent:expo.modules.imagepicker:16.1.4] AndroidManifest.xml:18:13-73
40-->[host.exp.exponent:expo.modules.imagepicker:16.1.4] AndroidManifest.xml:18:21-70
41        </intent>
42        <intent>
42-->[host.exp.exponent:expo.modules.imagepicker:16.1.4] AndroidManifest.xml:20:9-24:18
43
44            <!-- Required for picking images from the camera if targeting API 30 -->
45            <action android:name="android.media.action.ACTION_VIDEO_CAPTURE" />
45-->[host.exp.exponent:expo.modules.imagepicker:16.1.4] AndroidManifest.xml:23:13-80
45-->[host.exp.exponent:expo.modules.imagepicker:16.1.4] AndroidManifest.xml:23:21-77
46        </intent>
47        <intent>
47-->[com.vanniktech:android-image-cropper:4.6.0] AndroidManifest.xml:8:9-14:18
48            <action android:name="android.intent.action.GET_CONTENT" />
48-->[com.vanniktech:android-image-cropper:4.6.0] AndroidManifest.xml:9:13-72
48-->[com.vanniktech:android-image-cropper:4.6.0] AndroidManifest.xml:9:21-69
49
50            <category android:name="android.intent.category.OPENABLE" />
50-->[com.vanniktech:android-image-cropper:4.6.0] AndroidManifest.xml:11:13-73
50-->[com.vanniktech:android-image-cropper:4.6.0] AndroidManifest.xml:11:23-70
51
52            <data android:mimeType="*/*" />
52-->src\main\AndroidManifest.xml:13:7-37
53        </intent> <!-- Query open documents -->
54        <intent>
54-->[:expo-file-system] AndroidManifest.xml:15:9-17:18
55            <action android:name="android.intent.action.OPEN_DOCUMENT_TREE" />
55-->[:expo-file-system] AndroidManifest.xml:16:13-79
55-->[:expo-file-system] AndroidManifest.xml:16:21-76
56        </intent>
57    </queries>
58    <!--
59  Allows Glide to monitor connectivity status and restart failed requests if users go from a
60  a disconnected to a connected network state.
61    -->
62    <uses-permission android:name="android.permission.ACCESS_NETWORK_STATE" /> <!-- Required for picking images from camera directly -->
62-->[BareExpo:expo.modules.image:2.2.0] AndroidManifest.xml:12:5-79
62-->[BareExpo:expo.modules.image:2.2.0] AndroidManifest.xml:12:22-76
63    <uses-permission android:name="android.permission.CAMERA" />
63-->[host.exp.exponent:expo.modules.imagepicker:16.1.4] AndroidManifest.xml:8:5-65
63-->[host.exp.exponent:expo.modules.imagepicker:16.1.4] AndroidManifest.xml:8:22-62
64    <uses-permission android:name="android.permission.USE_BIOMETRIC" /> <!-- suppress DeprecatedClassUsageInspection -->
64-->[androidx.biometric:biometric:1.1.0] AndroidManifest.xml:24:5-72
64-->[androidx.biometric:biometric:1.1.0] AndroidManifest.xml:24:22-69
65    <uses-permission android:name="android.permission.USE_FINGERPRINT" />
65-->[androidx.biometric:biometric:1.1.0] AndroidManifest.xml:27:5-74
65-->[androidx.biometric:biometric:1.1.0] AndroidManifest.xml:27:22-71
66    <uses-permission android:name="android.permission.RECEIVE_BOOT_COMPLETED" />
66-->[host.exp.exponent:expo.modules.notifications:0.31.3] AndroidManifest.xml:7:5-81
66-->[host.exp.exponent:expo.modules.notifications:0.31.3] AndroidManifest.xml:7:22-78
67    <uses-permission android:name="android.permission.POST_NOTIFICATIONS" />
67-->[host.exp.exponent:expo.modules.notifications:0.31.3] AndroidManifest.xml:8:5-77
67-->[host.exp.exponent:expo.modules.notifications:0.31.3] AndroidManifest.xml:8:22-74
68    <uses-permission android:name="android.permission.WAKE_LOCK" /> <!-- Required by older versions of Google Play services to create IID tokens -->
68-->[com.google.firebase:firebase-messaging:24.0.1] AndroidManifest.xml:24:5-68
68-->[com.google.firebase:firebase-messaging:24.0.1] AndroidManifest.xml:24:22-65
69    <uses-permission android:name="com.google.android.c2dm.permission.RECEIVE" />
69-->[com.google.firebase:firebase-messaging:24.0.1] AndroidManifest.xml:26:5-82
69-->[com.google.firebase:firebase-messaging:24.0.1] AndroidManifest.xml:26:22-79
70
71    <permission
71-->[androidx.core:core:1.13.1] AndroidManifest.xml:22:5-24:47
72        android:name="com.naitik.pawlogs.DYNAMIC_RECEIVER_NOT_EXPORTED_PERMISSION"
72-->[androidx.core:core:1.13.1] AndroidManifest.xml:23:9-81
73        android:protectionLevel="signature" />
73-->[androidx.core:core:1.13.1] AndroidManifest.xml:24:9-44
74
75    <uses-permission android:name="com.naitik.pawlogs.DYNAMIC_RECEIVER_NOT_EXPORTED_PERMISSION" />
75-->[androidx.core:core:1.13.1] AndroidManifest.xml:26:5-97
75-->[androidx.core:core:1.13.1] AndroidManifest.xml:26:22-94
76    <uses-permission android:name="com.google.android.finsky.permission.BIND_GET_INSTALL_REFERRER_SERVICE" /> <!-- for android -->
76-->[com.android.installreferrer:installreferrer:2.2] AndroidManifest.xml:9:5-110
76-->[com.android.installreferrer:installreferrer:2.2] AndroidManifest.xml:9:22-107
77    <!-- <uses-permission android:name="com.android.launcher.permission.READ_SETTINGS"/> -->
78    <!-- <uses-permission android:name="com.android.launcher.permission.WRITE_SETTINGS"/> -->
79    <!-- <uses-permission android:name="com.android.launcher.permission.INSTALL_SHORTCUT" /> -->
80    <!-- <uses-permission android:name="com.android.launcher.permission.UNINSTALL_SHORTCUT" /> -->
81    <!-- for Samsung -->
82    <uses-permission android:name="com.sec.android.provider.badge.permission.READ" />
82-->[me.leolin:ShortcutBadger:1.1.22] AndroidManifest.xml:19:5-86
82-->[me.leolin:ShortcutBadger:1.1.22] AndroidManifest.xml:19:22-83
83    <uses-permission android:name="com.sec.android.provider.badge.permission.WRITE" /> <!-- for htc -->
83-->[me.leolin:ShortcutBadger:1.1.22] AndroidManifest.xml:20:5-87
83-->[me.leolin:ShortcutBadger:1.1.22] AndroidManifest.xml:20:22-84
84    <uses-permission android:name="com.htc.launcher.permission.READ_SETTINGS" />
84-->[me.leolin:ShortcutBadger:1.1.22] AndroidManifest.xml:23:5-81
84-->[me.leolin:ShortcutBadger:1.1.22] AndroidManifest.xml:23:22-78
85    <uses-permission android:name="com.htc.launcher.permission.UPDATE_SHORTCUT" /> <!-- for sony -->
85-->[me.leolin:ShortcutBadger:1.1.22] AndroidManifest.xml:24:5-83
85-->[me.leolin:ShortcutBadger:1.1.22] AndroidManifest.xml:24:22-80
86    <uses-permission android:name="com.sonyericsson.home.permission.BROADCAST_BADGE" />
86-->[me.leolin:ShortcutBadger:1.1.22] AndroidManifest.xml:27:5-88
86-->[me.leolin:ShortcutBadger:1.1.22] AndroidManifest.xml:27:22-85
87    <uses-permission android:name="com.sonymobile.home.permission.PROVIDER_INSERT_BADGE" /> <!-- for apex -->
87-->[me.leolin:ShortcutBadger:1.1.22] AndroidManifest.xml:28:5-92
87-->[me.leolin:ShortcutBadger:1.1.22] AndroidManifest.xml:28:22-89
88    <uses-permission android:name="com.anddoes.launcher.permission.UPDATE_COUNT" /> <!-- for solid -->
88-->[me.leolin:ShortcutBadger:1.1.22] AndroidManifest.xml:31:5-84
88-->[me.leolin:ShortcutBadger:1.1.22] AndroidManifest.xml:31:22-81
89    <uses-permission android:name="com.majeur.launcher.permission.UPDATE_BADGE" /> <!-- for huawei -->
89-->[me.leolin:ShortcutBadger:1.1.22] AndroidManifest.xml:34:5-83
89-->[me.leolin:ShortcutBadger:1.1.22] AndroidManifest.xml:34:22-80
90    <uses-permission android:name="com.huawei.android.launcher.permission.CHANGE_BADGE" />
90-->[me.leolin:ShortcutBadger:1.1.22] AndroidManifest.xml:37:5-91
90-->[me.leolin:ShortcutBadger:1.1.22] AndroidManifest.xml:37:22-88
91    <uses-permission android:name="com.huawei.android.launcher.permission.READ_SETTINGS" />
91-->[me.leolin:ShortcutBadger:1.1.22] AndroidManifest.xml:38:5-92
91-->[me.leolin:ShortcutBadger:1.1.22] AndroidManifest.xml:38:22-89
92    <uses-permission android:name="com.huawei.android.launcher.permission.WRITE_SETTINGS" /> <!-- for ZUK -->
92-->[me.leolin:ShortcutBadger:1.1.22] AndroidManifest.xml:39:5-93
92-->[me.leolin:ShortcutBadger:1.1.22] AndroidManifest.xml:39:22-90
93    <uses-permission android:name="android.permission.READ_APP_BADGE" /> <!-- for OPPO -->
93-->[me.leolin:ShortcutBadger:1.1.22] AndroidManifest.xml:42:5-73
93-->[me.leolin:ShortcutBadger:1.1.22] AndroidManifest.xml:42:22-70
94    <uses-permission android:name="com.oppo.launcher.permission.READ_SETTINGS" />
94-->[me.leolin:ShortcutBadger:1.1.22] AndroidManifest.xml:45:5-82
94-->[me.leolin:ShortcutBadger:1.1.22] AndroidManifest.xml:45:22-79
95    <uses-permission android:name="com.oppo.launcher.permission.WRITE_SETTINGS" /> <!-- for EvMe -->
95-->[me.leolin:ShortcutBadger:1.1.22] AndroidManifest.xml:46:5-83
95-->[me.leolin:ShortcutBadger:1.1.22] AndroidManifest.xml:46:22-80
96    <uses-permission android:name="me.everything.badger.permission.BADGE_COUNT_READ" />
96-->[me.leolin:ShortcutBadger:1.1.22] AndroidManifest.xml:49:5-88
96-->[me.leolin:ShortcutBadger:1.1.22] AndroidManifest.xml:49:22-85
97    <uses-permission android:name="me.everything.badger.permission.BADGE_COUNT_WRITE" />
97-->[me.leolin:ShortcutBadger:1.1.22] AndroidManifest.xml:50:5-89
97-->[me.leolin:ShortcutBadger:1.1.22] AndroidManifest.xml:50:22-86
98
99    <application
99-->src\main\AndroidManifest.xml:16:3-33:17
100        android:name="com.naitik.pawlogs.MainApplication"
100-->src\main\AndroidManifest.xml:16:16-47
101        android:allowBackup="true"
101-->src\main\AndroidManifest.xml:16:162-188
102        android:appComponentFactory="androidx.core.app.CoreComponentFactory"
102-->[androidx.core:core:1.13.1] AndroidManifest.xml:28:18-86
103        android:dataExtractionRules="@xml/secure_store_data_extraction_rules"
103-->src\main\AndroidManifest.xml:16:307-376
104        android:debuggable="true"
105        android:extractNativeLibs="false"
106        android:fullBackupContent="@xml/secure_store_backup_rules"
106-->src\main\AndroidManifest.xml:16:248-306
107        android:icon="@mipmap/ic_launcher"
107-->src\main\AndroidManifest.xml:16:81-115
108        android:label="@string/app_name"
108-->src\main\AndroidManifest.xml:16:48-80
109        android:roundIcon="@mipmap/ic_launcher_round"
109-->src\main\AndroidManifest.xml:16:116-161
110        android:supportsRtl="true"
110-->src\main\AndroidManifest.xml:16:221-247
111        android:theme="@style/AppTheme"
111-->src\main\AndroidManifest.xml:16:189-220
112        android:usesCleartextTraffic="true" >
112-->src\debug\AndroidManifest.xml:6:18-53
113        <meta-data
113-->src\main\AndroidManifest.xml:17:5-83
114            android:name="expo.modules.updates.ENABLED"
114-->src\main\AndroidManifest.xml:17:16-59
115            android:value="false" />
115-->src\main\AndroidManifest.xml:17:60-81
116        <meta-data
116-->src\main\AndroidManifest.xml:18:5-105
117            android:name="expo.modules.updates.EXPO_UPDATES_CHECK_ON_LAUNCH"
117-->src\main\AndroidManifest.xml:18:16-80
118            android:value="ALWAYS" />
118-->src\main\AndroidManifest.xml:18:81-103
119        <meta-data
119-->src\main\AndroidManifest.xml:19:5-99
120            android:name="expo.modules.updates.EXPO_UPDATES_LAUNCH_WAIT_MS"
120-->src\main\AndroidManifest.xml:19:16-79
121            android:value="0" />
121-->src\main\AndroidManifest.xml:19:80-97
122
123        <activity
123-->src\main\AndroidManifest.xml:20:5-32:16
124            android:name="com.naitik.pawlogs.MainActivity"
124-->src\main\AndroidManifest.xml:20:15-43
125            android:configChanges="keyboard|keyboardHidden|orientation|screenSize|screenLayout|uiMode"
125-->src\main\AndroidManifest.xml:20:44-134
126            android:exported="true"
126-->src\main\AndroidManifest.xml:20:256-279
127            android:launchMode="singleTask"
127-->src\main\AndroidManifest.xml:20:135-166
128            android:screenOrientation="portrait"
128-->src\main\AndroidManifest.xml:20:280-316
129            android:theme="@style/Theme.App.SplashScreen"
129-->src\main\AndroidManifest.xml:20:210-255
130            android:windowSoftInputMode="adjustResize" >
130-->src\main\AndroidManifest.xml:20:167-209
131            <intent-filter>
131-->src\main\AndroidManifest.xml:21:7-24:23
132                <action android:name="android.intent.action.MAIN" />
132-->src\main\AndroidManifest.xml:22:9-60
132-->src\main\AndroidManifest.xml:22:17-58
133
134                <category android:name="android.intent.category.LAUNCHER" />
134-->src\main\AndroidManifest.xml:23:9-68
134-->src\main\AndroidManifest.xml:23:19-66
135            </intent-filter>
136            <intent-filter>
136-->src\main\AndroidManifest.xml:25:7-31:23
137                <action android:name="android.intent.action.VIEW" />
137-->src\main\AndroidManifest.xml:11:7-58
137-->src\main\AndroidManifest.xml:11:15-56
138
139                <category android:name="android.intent.category.DEFAULT" />
139-->src\main\AndroidManifest.xml:27:9-67
139-->src\main\AndroidManifest.xml:27:19-65
140                <category android:name="android.intent.category.BROWSABLE" />
140-->src\main\AndroidManifest.xml:12:7-67
140-->src\main\AndroidManifest.xml:12:17-65
141
142                <data android:scheme="pawlogs" />
142-->src\main\AndroidManifest.xml:13:7-37
142-->src\main\AndroidManifest.xml:13:13-35
143                <data android:scheme="exp+pawlog" />
143-->src\main\AndroidManifest.xml:13:7-37
143-->src\main\AndroidManifest.xml:13:13-35
144            </intent-filter>
145        </activity>
146
147        <provider
147-->[:react-native-webview] AndroidManifest.xml:8:9-16:20
148            android:name="com.reactnativecommunity.webview.RNCWebViewFileProvider"
148-->[:react-native-webview] AndroidManifest.xml:9:13-83
149            android:authorities="com.naitik.pawlogs.fileprovider"
149-->[:react-native-webview] AndroidManifest.xml:10:13-64
150            android:exported="false"
150-->[:react-native-webview] AndroidManifest.xml:11:13-37
151            android:grantUriPermissions="true" >
151-->[:react-native-webview] AndroidManifest.xml:12:13-47
152            <meta-data
152-->[:react-native-webview] AndroidManifest.xml:13:13-15:63
153                android:name="android.support.FILE_PROVIDER_PATHS"
153-->[:react-native-webview] AndroidManifest.xml:14:17-67
154                android:resource="@xml/file_provider_paths" />
154-->[:react-native-webview] AndroidManifest.xml:15:17-60
155        </provider>
156
157        <activity
157-->[:expo-dev-launcher] AndroidManifest.xml:12:9-25:20
158            android:name="expo.modules.devlauncher.launcher.DevLauncherActivity"
158-->[:expo-dev-launcher] AndroidManifest.xml:13:13-81
159            android:exported="true"
159-->[:expo-dev-launcher] AndroidManifest.xml:14:13-36
160            android:launchMode="singleTask"
160-->[:expo-dev-launcher] AndroidManifest.xml:15:13-44
161            android:theme="@style/Theme.DevLauncher.LauncherActivity" >
161-->[:expo-dev-launcher] AndroidManifest.xml:16:13-70
162            <intent-filter>
162-->[:expo-dev-launcher] AndroidManifest.xml:17:13-24:29
163                <action android:name="android.intent.action.VIEW" />
163-->src\main\AndroidManifest.xml:11:7-58
163-->src\main\AndroidManifest.xml:11:15-56
164
165                <category android:name="android.intent.category.DEFAULT" />
165-->src\main\AndroidManifest.xml:27:9-67
165-->src\main\AndroidManifest.xml:27:19-65
166                <category android:name="android.intent.category.BROWSABLE" />
166-->src\main\AndroidManifest.xml:12:7-67
166-->src\main\AndroidManifest.xml:12:17-65
167
168                <data android:scheme="expo-dev-launcher" />
168-->src\main\AndroidManifest.xml:13:7-37
168-->src\main\AndroidManifest.xml:13:13-35
169            </intent-filter>
170        </activity>
171        <activity
171-->[:expo-dev-launcher] AndroidManifest.xml:26:9-29:70
172            android:name="expo.modules.devlauncher.launcher.errors.DevLauncherErrorActivity"
172-->[:expo-dev-launcher] AndroidManifest.xml:27:13-93
173            android:screenOrientation="portrait"
173-->[:expo-dev-launcher] AndroidManifest.xml:28:13-49
174            android:theme="@style/Theme.DevLauncher.ErrorActivity" />
174-->[:expo-dev-launcher] AndroidManifest.xml:29:13-67
175        <activity
175-->[:expo-dev-menu] AndroidManifest.xml:8:9-21:20
176            android:name="expo.modules.devmenu.DevMenuActivity"
176-->[:expo-dev-menu] AndroidManifest.xml:9:13-64
177            android:exported="true"
177-->[:expo-dev-menu] AndroidManifest.xml:10:13-36
178            android:launchMode="singleTask"
178-->[:expo-dev-menu] AndroidManifest.xml:11:13-44
179            android:theme="@style/Theme.AppCompat.Transparent.NoActionBar" >
179-->[:expo-dev-menu] AndroidManifest.xml:12:13-75
180            <intent-filter>
180-->[:expo-dev-menu] AndroidManifest.xml:13:13-20:29
181                <action android:name="android.intent.action.VIEW" />
181-->src\main\AndroidManifest.xml:11:7-58
181-->src\main\AndroidManifest.xml:11:15-56
182
183                <category android:name="android.intent.category.DEFAULT" />
183-->src\main\AndroidManifest.xml:27:9-67
183-->src\main\AndroidManifest.xml:27:19-65
184                <category android:name="android.intent.category.BROWSABLE" />
184-->src\main\AndroidManifest.xml:12:7-67
184-->src\main\AndroidManifest.xml:12:17-65
185
186                <data android:scheme="expo-dev-menu" />
186-->src\main\AndroidManifest.xml:13:7-37
186-->src\main\AndroidManifest.xml:13:13-35
187            </intent-filter>
188        </activity>
189
190        <meta-data
190-->[:expo-modules-core] AndroidManifest.xml:9:9-11:89
191            android:name="org.unimodules.core.AppLoader#react-native-headless"
191-->[:expo-modules-core] AndroidManifest.xml:10:13-79
192            android:value="expo.modules.adapters.react.apploader.RNHeadlessAppLoader" />
192-->[:expo-modules-core] AndroidManifest.xml:11:13-86
193        <meta-data
193-->[:expo-modules-core] AndroidManifest.xml:12:9-15:45
194            android:name="com.facebook.soloader.enabled"
194-->[:expo-modules-core] AndroidManifest.xml:13:13-57
195            android:value="true" />
195-->[:expo-modules-core] AndroidManifest.xml:14:13-33
196
197        <activity
197-->[com.facebook.react:react-android:0.79.3] AndroidManifest.xml:19:9-21:40
198            android:name="com.facebook.react.devsupport.DevSettingsActivity"
198-->[com.facebook.react:react-android:0.79.3] AndroidManifest.xml:20:13-77
199            android:exported="false" />
199-->[com.facebook.react:react-android:0.79.3] AndroidManifest.xml:21:13-37
200
201        <service
201-->[host.exp.exponent:expo.modules.imagepicker:16.1.4] AndroidManifest.xml:28:9-40:19
202            android:name="com.google.android.gms.metadata.ModuleDependencies"
202-->[host.exp.exponent:expo.modules.imagepicker:16.1.4] AndroidManifest.xml:29:13-78
203            android:enabled="false"
203-->[host.exp.exponent:expo.modules.imagepicker:16.1.4] AndroidManifest.xml:30:13-36
204            android:exported="false" >
204-->[host.exp.exponent:expo.modules.imagepicker:16.1.4] AndroidManifest.xml:31:13-37
205            <intent-filter>
205-->[host.exp.exponent:expo.modules.imagepicker:16.1.4] AndroidManifest.xml:33:13-35:29
206                <action android:name="com.google.android.gms.metadata.MODULE_DEPENDENCIES" />
206-->[host.exp.exponent:expo.modules.imagepicker:16.1.4] AndroidManifest.xml:34:17-94
206-->[host.exp.exponent:expo.modules.imagepicker:16.1.4] AndroidManifest.xml:34:25-91
207            </intent-filter>
208
209            <meta-data
209-->[host.exp.exponent:expo.modules.imagepicker:16.1.4] AndroidManifest.xml:37:13-39:36
210                android:name="photopicker_activity:0:required"
210-->[host.exp.exponent:expo.modules.imagepicker:16.1.4] AndroidManifest.xml:38:17-63
211                android:value="" />
211-->[host.exp.exponent:expo.modules.imagepicker:16.1.4] AndroidManifest.xml:39:17-33
212        </service>
213
214        <activity
214-->[host.exp.exponent:expo.modules.imagepicker:16.1.4] AndroidManifest.xml:42:9-44:59
215            android:name="com.canhub.cropper.CropImageActivity"
215-->[host.exp.exponent:expo.modules.imagepicker:16.1.4] AndroidManifest.xml:43:13-64
216            android:exported="true"
216-->[com.vanniktech:android-image-cropper:4.6.0] AndroidManifest.xml:33:13-36
217            android:theme="@style/Base.Theme.AppCompat" /> <!-- https://developer.android.com/guide/topics/manifest/provider-element.html -->
217-->[host.exp.exponent:expo.modules.imagepicker:16.1.4] AndroidManifest.xml:44:13-56
218        <provider
218-->[host.exp.exponent:expo.modules.imagepicker:16.1.4] AndroidManifest.xml:46:9-54:20
219            android:name="expo.modules.imagepicker.fileprovider.ImagePickerFileProvider"
219-->[host.exp.exponent:expo.modules.imagepicker:16.1.4] AndroidManifest.xml:47:13-89
220            android:authorities="com.naitik.pawlogs.ImagePickerFileProvider"
220-->[host.exp.exponent:expo.modules.imagepicker:16.1.4] AndroidManifest.xml:48:13-75
221            android:exported="false"
221-->[host.exp.exponent:expo.modules.imagepicker:16.1.4] AndroidManifest.xml:49:13-37
222            android:grantUriPermissions="true" >
222-->[host.exp.exponent:expo.modules.imagepicker:16.1.4] AndroidManifest.xml:50:13-47
223            <meta-data
223-->[:react-native-webview] AndroidManifest.xml:13:13-15:63
224                android:name="android.support.FILE_PROVIDER_PATHS"
224-->[:react-native-webview] AndroidManifest.xml:14:17-67
225                android:resource="@xml/image_picker_provider_paths" />
225-->[:react-native-webview] AndroidManifest.xml:15:17-60
226        </provider>
227        <provider
227-->[com.vanniktech:android-image-cropper:4.6.0] AndroidManifest.xml:21:9-29:20
228            android:name="com.canhub.cropper.CropFileProvider"
228-->[com.vanniktech:android-image-cropper:4.6.0] AndroidManifest.xml:22:13-63
229            android:authorities="com.naitik.pawlogs.cropper.fileprovider"
229-->[com.vanniktech:android-image-cropper:4.6.0] AndroidManifest.xml:23:13-72
230            android:exported="false"
230-->[com.vanniktech:android-image-cropper:4.6.0] AndroidManifest.xml:24:13-37
231            android:grantUriPermissions="true" >
231-->[com.vanniktech:android-image-cropper:4.6.0] AndroidManifest.xml:25:13-47
232            <meta-data
232-->[:react-native-webview] AndroidManifest.xml:13:13-15:63
233                android:name="android.support.FILE_PROVIDER_PATHS"
233-->[:react-native-webview] AndroidManifest.xml:14:17-67
234                android:resource="@xml/library_file_paths" />
234-->[:react-native-webview] AndroidManifest.xml:15:17-60
235        </provider>
236        <provider
236-->[:expo-file-system] AndroidManifest.xml:21:9-30:20
237            android:name="expo.modules.filesystem.FileSystemFileProvider"
237-->[:expo-file-system] AndroidManifest.xml:22:13-74
238            android:authorities="com.naitik.pawlogs.FileSystemFileProvider"
238-->[:expo-file-system] AndroidManifest.xml:23:13-74
239            android:exported="false"
239-->[:expo-file-system] AndroidManifest.xml:24:13-37
240            android:grantUriPermissions="true" >
240-->[:expo-file-system] AndroidManifest.xml:25:13-47
241            <meta-data
241-->[:react-native-webview] AndroidManifest.xml:13:13-15:63
242                android:name="android.support.FILE_PROVIDER_PATHS"
242-->[:react-native-webview] AndroidManifest.xml:14:17-67
243                android:resource="@xml/file_system_provider_paths" />
243-->[:react-native-webview] AndroidManifest.xml:15:17-60
244        </provider>
245
246        <meta-data
246-->[com.github.bumptech.glide:okhttp3-integration:4.11.0] AndroidManifest.xml:11:9-13:43
247            android:name="com.bumptech.glide.integration.okhttp3.OkHttpGlideModule"
247-->[com.github.bumptech.glide:okhttp3-integration:4.11.0] AndroidManifest.xml:12:13-84
248            android:value="GlideModule" />
248-->[com.github.bumptech.glide:okhttp3-integration:4.11.0] AndroidManifest.xml:13:13-40
249
250        <service
250-->[host.exp.exponent:expo.modules.notifications:0.31.3] AndroidManifest.xml:11:9-17:19
251            android:name="expo.modules.notifications.service.ExpoFirebaseMessagingService"
251-->[host.exp.exponent:expo.modules.notifications:0.31.3] AndroidManifest.xml:12:13-91
252            android:exported="false" >
252-->[host.exp.exponent:expo.modules.notifications:0.31.3] AndroidManifest.xml:13:13-37
253            <intent-filter android:priority="-1" >
253-->[host.exp.exponent:expo.modules.notifications:0.31.3] AndroidManifest.xml:14:13-16:29
253-->[host.exp.exponent:expo.modules.notifications:0.31.3] AndroidManifest.xml:14:28-49
254                <action android:name="com.google.firebase.MESSAGING_EVENT" />
254-->[host.exp.exponent:expo.modules.notifications:0.31.3] AndroidManifest.xml:15:17-78
254-->[host.exp.exponent:expo.modules.notifications:0.31.3] AndroidManifest.xml:15:25-75
255            </intent-filter>
256        </service>
257
258        <receiver
258-->[host.exp.exponent:expo.modules.notifications:0.31.3] AndroidManifest.xml:19:9-31:20
259            android:name="expo.modules.notifications.service.NotificationsService"
259-->[host.exp.exponent:expo.modules.notifications:0.31.3] AndroidManifest.xml:20:13-83
260            android:enabled="true"
260-->[host.exp.exponent:expo.modules.notifications:0.31.3] AndroidManifest.xml:21:13-35
261            android:exported="false" >
261-->[host.exp.exponent:expo.modules.notifications:0.31.3] AndroidManifest.xml:22:13-37
262            <intent-filter android:priority="-1" >
262-->[host.exp.exponent:expo.modules.notifications:0.31.3] AndroidManifest.xml:23:13-30:29
262-->[host.exp.exponent:expo.modules.notifications:0.31.3] AndroidManifest.xml:23:28-49
263                <action android:name="expo.modules.notifications.NOTIFICATION_EVENT" />
263-->[host.exp.exponent:expo.modules.notifications:0.31.3] AndroidManifest.xml:24:17-88
263-->[host.exp.exponent:expo.modules.notifications:0.31.3] AndroidManifest.xml:24:25-85
264                <action android:name="android.intent.action.BOOT_COMPLETED" />
264-->[host.exp.exponent:expo.modules.notifications:0.31.3] AndroidManifest.xml:25:17-79
264-->[host.exp.exponent:expo.modules.notifications:0.31.3] AndroidManifest.xml:25:25-76
265                <action android:name="android.intent.action.REBOOT" />
265-->[host.exp.exponent:expo.modules.notifications:0.31.3] AndroidManifest.xml:26:17-71
265-->[host.exp.exponent:expo.modules.notifications:0.31.3] AndroidManifest.xml:26:25-68
266                <action android:name="android.intent.action.QUICKBOOT_POWERON" />
266-->[host.exp.exponent:expo.modules.notifications:0.31.3] AndroidManifest.xml:27:17-82
266-->[host.exp.exponent:expo.modules.notifications:0.31.3] AndroidManifest.xml:27:25-79
267                <action android:name="com.htc.intent.action.QUICKBOOT_POWERON" />
267-->[host.exp.exponent:expo.modules.notifications:0.31.3] AndroidManifest.xml:28:17-82
267-->[host.exp.exponent:expo.modules.notifications:0.31.3] AndroidManifest.xml:28:25-79
268                <action android:name="android.intent.action.MY_PACKAGE_REPLACED" />
268-->[host.exp.exponent:expo.modules.notifications:0.31.3] AndroidManifest.xml:29:17-84